<?xml version="1.0" encoding="UTF-8"?>
<!-- Generated by org.testng.reporters.JUnitXMLReporter -->
<testsuite hostname="NEWNODE64" ignored="0" name="Command line test" tests="3" failures="0" timestamp="31 May 2018 12:12:36 GMT" time="46.497" errors="0">
  <testcase name="testLogin" time="16.706" classname="practice.TestNGAnnotationsDemoSixteen"/>
  <testcase name="testLogin2" time="14.453" classname="practice.TestNGAnnotationsDemoSixteen"/>
  <testcase name="testLogin3" time="15.325" classname="practice.TestNGAnnotationsDemoSixteen"/>
</testsuite> <!-- Command line test -->
